2024-07-09T01:48:48.035+04:00  INFO 4312 --- [main] c.e.l.Log4j2customApplication            : Starting Log4j2customApplication using Java 17.0.8 with PID 4312 (C:\Workspace\log4j2\log4j2custom\build\classes\java\main started by User in C:\Workspace\log4j2\log4j2custom)
2024-07-09T01:48:48.040+04:00 DEBUG 4312 --- [main] c.e.l.Log4j2customApplication            : Running with Spring Boot v3.3.1, Spring v6.1.10
2024-07-09T01:48:48.042+04:00  INFO 4312 --- [main] c.e.l.Log4j2customApplication            : No active profile set, falling back to 1 default profile: "default"
2024-07-09T01:48:49.548+04:00  INFO 4312 --- [main] .s.d.r.c.RepositoryConfigurationDelegate : Bootstrapping Spring Data JPA repositories in DEFAULT mode.
2024-07-09T01:48:49.666+04:00  INFO 4312 --- [main] .s.d.r.c.RepositoryConfigurationDelegate : Finished Spring Data repository scanning in 102 ms. Found 2 JPA repository interfaces.
2024-07-09T01:48:50.763+04:00  INFO 4312 --- [main] o.s.b.w.embedded.tomcat.TomcatWebServer  : Tomcat initialized with port 9090 (http)
2024-07-09T01:48:50.790+04:00  INFO 4312 --- [main] o.apache.catalina.core.StandardService   : Starting service [Tomcat]
2024-07-09T01:48:50.791+04:00  INFO 4312 --- [main] o.apache.catalina.core.StandardEngine    : Starting Servlet engine: [Apache Tomcat/10.1.25]
2024-07-09T01:48:50.918+04:00  INFO 4312 --- [main] o.a.c.c.C.[.[localhost].[/custom]        : Initializing Spring embedded WebApplicationContext
2024-07-09T01:48:50.919+04:00  INFO 4312 --- [main] w.s.c.ServletWebServerApplicationContext : Root WebApplicationContext: initialization completed in 2742 ms
2024-07-09T01:48:51.273+04:00  INFO 4312 --- [main] o.hibernate.jpa.internal.util.LogHelper  : HHH000204: Processing PersistenceUnitInfo [name: default]
2024-07-09T01:48:51.396+04:00  INFO 4312 --- [main] org.hibernate.Version                    : HHH000412: Hibernate ORM core version 6.5.2.Final
2024-07-09T01:48:51.470+04:00  INFO 4312 --- [main] o.h.c.internal.RegionFactoryInitiator    : HHH000026: Second-level cache disabled
2024-07-09T01:48:52.171+04:00  INFO 4312 --- [main] o.s.o.j.p.SpringPersistenceUnitInfo      : No LoadTimeWeaver setup: ignoring JPA class transformer
2024-07-09T01:48:52.246+04:00  INFO 4312 --- [main] com.zaxxer.hikari.HikariDataSource       : HikariPool-1 - Starting...
2024-07-09T01:48:52.883+04:00  INFO 4312 --- [main] com.zaxxer.hikari.pool.HikariPool        : HikariPool-1 - Added connection com.mysql.cj.jdbc.ConnectionImpl@2830315f
2024-07-09T01:48:52.888+04:00  INFO 4312 --- [main] com.zaxxer.hikari.HikariDataSource       : HikariPool-1 - Start completed.
2024-07-09T01:48:52.989+04:00  WARN 4312 --- [main] org.hibernate.orm.deprecation            : HHH90000025: MySQL8Dialect does not need to be specified explicitly using 'hibernate.dialect' (remove the property setting and it will be selected by default)
2024-07-09T01:48:52.994+04:00  WARN 4312 --- [main] org.hibernate.orm.deprecation            : HHH90000026: MySQL8Dialect has been deprecated; use org.hibernate.dialect.MySQLDialect instead
2024-07-09T01:48:55.093+04:00  INFO 4312 --- [main] o.h.e.t.j.p.i.JtaPlatformInitiator       : HHH000489: No JTA platform available (set 'hibernate.transaction.jta.platform' to enable JTA platform integration)
2024-07-09T01:48:55.101+04:00  INFO 4312 --- [main] j.LocalContainerEntityManagerFactoryBean : Initialized JPA EntityManagerFactory for persistence unit 'default'
2024-07-09T01:48:55.801+04:00  WARN 4312 --- [main] JpaBaseConfiguration$JpaWebConfiguration : spring.jpa.open-in-view is enabled by default. Therefore, database queries may be performed during view rendering. Explicitly configure spring.jpa.open-in-view to disable this warning
2024-07-09T01:48:56.585+04:00  INFO 4312 --- [main] o.s.b.w.embedded.tomcat.TomcatWebServer  : Tomcat started on port 9090 (http) with context path '/custom'
2024-07-09T01:48:56.604+04:00  INFO 4312 --- [main] c.e.l.Log4j2customApplication            : Started Log4j2customApplication in 9.569 seconds (process running for 11.222)
2024-07-09T01:52:38.369+04:00  INFO 4312 --- [http-nio-9090-exec-1] o.a.c.c.C.[.[localhost].[/custom]        : Initializing Spring DispatcherServlet 'dispatcherServlet'
2024-07-09T01:52:38.370+04:00  INFO 4312 --- [http-nio-9090-exec-1] o.s.web.servlet.DispatcherServlet        : Initializing Servlet 'dispatcherServlet'
2024-07-09T01:52:38.373+04:00  INFO 4312 --- [http-nio-9090-exec-1] o.s.web.servlet.DispatcherServlet        : Completed initialization in 2 ms
2024-07-09T01:52:38.795+04:00  INFO 4312 --- [http-nio-9090-exec-1] c.e.log4j2custom.service.OrderService    : Order created: Order(id=1, customerName=Vusal, orderDate=2024-07-09T01:52:38.619462100)
2024-07-09T01:55:49.589+04:00  INFO 2884 --- [main] c.e.l.Log4j2customApplication            : Starting Log4j2customApplication using Java 17.0.8 with PID 2884 (C:\Workspace\log4j2\log4j2custom\build\classes\java\main started by User in C:\Workspace\log4j2\log4j2custom)
2024-07-09T01:55:49.615+04:00 DEBUG 2884 --- [main] c.e.l.Log4j2customApplication            : Running with Spring Boot v3.3.1, Spring v6.1.10
2024-07-09T01:55:49.618+04:00  INFO 2884 --- [main] c.e.l.Log4j2customApplication            : No active profile set, falling back to 1 default profile: "default"
2024-07-09T01:55:51.416+04:00  INFO 2884 --- [main] .s.d.r.c.RepositoryConfigurationDelegate : Bootstrapping Spring Data JPA repositories in DEFAULT mode.
2024-07-09T01:55:51.548+04:00  INFO 2884 --- [main] .s.d.r.c.RepositoryConfigurationDelegate : Finished Spring Data repository scanning in 116 ms. Found 2 JPA repository interfaces.
2024-07-09T01:55:52.705+04:00  INFO 2884 --- [main] o.s.b.w.embedded.tomcat.TomcatWebServer  : Tomcat initialized with port 9090 (http)
2024-07-09T01:55:52.729+04:00  INFO 2884 --- [main] o.apache.catalina.core.StandardService   : Starting service [Tomcat]
2024-07-09T01:55:52.730+04:00  INFO 2884 --- [main] o.apache.catalina.core.StandardEngine    : Starting Servlet engine: [Apache Tomcat/10.1.25]
2024-07-09T01:55:52.865+04:00  INFO 2884 --- [main] o.a.c.c.C.[.[localhost].[/custom]        : Initializing Spring embedded WebApplicationContext
2024-07-09T01:55:52.866+04:00  INFO 2884 --- [main] w.s.c.ServletWebServerApplicationContext : Root WebApplicationContext: initialization completed in 3064 ms
2024-07-09T01:55:53.237+04:00  INFO 2884 --- [main] o.hibernate.jpa.internal.util.LogHelper  : HHH000204: Processing PersistenceUnitInfo [name: default]
2024-07-09T01:55:53.376+04:00  INFO 2884 --- [main] org.hibernate.Version                    : HHH000412: Hibernate ORM core version 6.5.2.Final
2024-07-09T01:55:53.467+04:00  INFO 2884 --- [main] o.h.c.internal.RegionFactoryInitiator    : HHH000026: Second-level cache disabled
2024-07-09T01:55:54.246+04:00  INFO 2884 --- [main] o.s.o.j.p.SpringPersistenceUnitInfo      : No LoadTimeWeaver setup: ignoring JPA class transformer
2024-07-09T01:55:54.329+04:00  INFO 2884 --- [main] com.zaxxer.hikari.HikariDataSource       : HikariPool-1 - Starting...
2024-07-09T01:55:54.959+04:00  INFO 2884 --- [main] com.zaxxer.hikari.pool.HikariPool        : HikariPool-1 - Added connection com.mysql.cj.jdbc.ConnectionImpl@6afeaf2d
2024-07-09T01:55:54.964+04:00  INFO 2884 --- [main] com.zaxxer.hikari.HikariDataSource       : HikariPool-1 - Start completed.
2024-07-09T01:55:55.064+04:00  WARN 2884 --- [main] org.hibernate.orm.deprecation            : HHH90000025: MySQL8Dialect does not need to be specified explicitly using 'hibernate.dialect' (remove the property setting and it will be selected by default)
2024-07-09T01:55:55.068+04:00  WARN 2884 --- [main] org.hibernate.orm.deprecation            : HHH90000026: MySQL8Dialect has been deprecated; use org.hibernate.dialect.MySQLDialect instead
2024-07-09T01:55:57.089+04:00  INFO 2884 --- [main] o.h.e.t.j.p.i.JtaPlatformInitiator       : HHH000489: No JTA platform available (set 'hibernate.transaction.jta.platform' to enable JTA platform integration)
2024-07-09T01:55:57.096+04:00  INFO 2884 --- [main] j.LocalContainerEntityManagerFactoryBean : Initialized JPA EntityManagerFactory for persistence unit 'default'
2024-07-09T01:55:57.774+04:00  WARN 2884 --- [main] JpaBaseConfiguration$JpaWebConfiguration : spring.jpa.open-in-view is enabled by default. Therefore, database queries may be performed during view rendering. Explicitly configure spring.jpa.open-in-view to disable this warning
2024-07-09T01:55:58.793+04:00  INFO 2884 --- [main] o.s.b.w.embedded.tomcat.TomcatWebServer  : Tomcat started on port 9090 (http) with context path '/custom'
2024-07-09T01:55:58.813+04:00  INFO 2884 --- [main] c.e.l.Log4j2customApplication            : Started Log4j2customApplication in 10.316 seconds (process running for 12.249)
2024-07-09T01:56:53.638+04:00  INFO 2884 --- [http-nio-9090-exec-4] o.a.c.c.C.[.[localhost].[/custom]        : Initializing Spring DispatcherServlet 'dispatcherServlet'
2024-07-09T01:56:53.638+04:00  INFO 2884 --- [http-nio-9090-exec-4] o.s.web.servlet.DispatcherServlet        : Initializing Servlet 'dispatcherServlet'
2024-07-09T01:56:53.641+04:00  INFO 2884 --- [http-nio-9090-exec-4] o.s.web.servlet.DispatcherServlet        : Completed initialization in 2 ms
2024-07-09T01:56:54.066+04:00  INFO 2884 --- [http-nio-9090-exec-4] c.e.log4j2custom.service.OrderService    : Order created: Order(id=2, customerName=Nergiz, orderDate=2024-07-09T01:56:53.886321200)
2024-07-09T03:25:54.651+04:00  INFO 6788 --- [main] c.e.l.Log4j2customApplication            : Starting Log4j2customApplication using Java 17.0.8 with PID 6788 (C:\Workspace\log4j2\log4j2custom\build\classes\java\main started by User in C:\Workspace\log4j2\log4j2custom)
2024-07-09T03:25:54.658+04:00 DEBUG 6788 --- [main] c.e.l.Log4j2customApplication            : Running with Spring Boot v3.3.1, Spring v6.1.10
2024-07-09T03:25:54.660+04:00  INFO 6788 --- [main] c.e.l.Log4j2customApplication            : No active profile set, falling back to 1 default profile: "default"
2024-07-09T03:25:57.635+04:00  INFO 6788 --- [main] .s.d.r.c.RepositoryConfigurationDelegate : Bootstrapping Spring Data JPA repositories in DEFAULT mode.
2024-07-09T03:25:57.903+04:00  INFO 6788 --- [main] .s.d.r.c.RepositoryConfigurationDelegate : Finished Spring Data repository scanning in 243 ms. Found 2 JPA repository interfaces.
2024-07-09T03:25:59.402+04:00  INFO 6788 --- [main] o.s.b.w.embedded.tomcat.TomcatWebServer  : Tomcat initialized with port 9090 (http)
2024-07-09T03:25:59.434+04:00  INFO 6788 --- [main] o.apache.catalina.core.StandardService   : Starting service [Tomcat]
2024-07-09T03:25:59.435+04:00  INFO 6788 --- [main] o.apache.catalina.core.StandardEngine    : Starting Servlet engine: [Apache Tomcat/10.1.25]
2024-07-09T03:25:59.689+04:00  INFO 6788 --- [main] o.a.c.c.C.[.[localhost].[/custom]        : Initializing Spring embedded WebApplicationContext
2024-07-09T03:25:59.690+04:00  INFO 6788 --- [main] w.s.c.ServletWebServerApplicationContext : Root WebApplicationContext: initialization completed in 4806 ms
2024-07-09T03:26:00.113+04:00  INFO 6788 --- [main] o.hibernate.jpa.internal.util.LogHelper  : HHH000204: Processing PersistenceUnitInfo [name: default]
2024-07-09T03:26:00.292+04:00  INFO 6788 --- [main] org.hibernate.Version                    : HHH000412: Hibernate ORM core version 6.5.2.Final
2024-07-09T03:26:00.400+04:00  INFO 6788 --- [main] o.h.c.internal.RegionFactoryInitiator    : HHH000026: Second-level cache disabled
2024-07-09T03:26:01.570+04:00  INFO 6788 --- [main] o.s.o.j.p.SpringPersistenceUnitInfo      : No LoadTimeWeaver setup: ignoring JPA class transformer
2024-07-09T03:26:01.674+04:00  INFO 6788 --- [main] com.zaxxer.hikari.HikariDataSource       : HikariPool-1 - Starting...
2024-07-09T03:26:02.696+04:00  INFO 6788 --- [main] com.zaxxer.hikari.pool.HikariPool        : HikariPool-1 - Added connection com.mysql.cj.jdbc.ConnectionImpl@55e42684
2024-07-09T03:26:02.703+04:00  INFO 6788 --- [main] com.zaxxer.hikari.HikariDataSource       : HikariPool-1 - Start completed.
2024-07-09T03:26:02.843+04:00  WARN 6788 --- [main] org.hibernate.orm.deprecation            : HHH90000025: MySQL8Dialect does not need to be specified explicitly using 'hibernate.dialect' (remove the property setting and it will be selected by default)
2024-07-09T03:26:02.849+04:00  WARN 6788 --- [main] org.hibernate.orm.deprecation            : HHH90000026: MySQL8Dialect has been deprecated; use org.hibernate.dialect.MySQLDialect instead
2024-07-09T03:26:05.775+04:00  INFO 6788 --- [main] o.h.e.t.j.p.i.JtaPlatformInitiator       : HHH000489: No JTA platform available (set 'hibernate.transaction.jta.platform' to enable JTA platform integration)
2024-07-09T03:26:05.786+04:00  INFO 6788 --- [main] j.LocalContainerEntityManagerFactoryBean : Initialized JPA EntityManagerFactory for persistence unit 'default'
2024-07-09T03:26:06.999+04:00  WARN 6788 --- [main] JpaBaseConfiguration$JpaWebConfiguration : spring.jpa.open-in-view is enabled by default. Therefore, database queries may be performed during view rendering. Explicitly configure spring.jpa.open-in-view to disable this warning
2024-07-09T03:26:08.075+04:00  INFO 6788 --- [main] o.s.b.w.embedded.tomcat.TomcatWebServer  : Tomcat started on port 9090 (http) with context path '/custom'
2024-07-09T03:26:08.097+04:00  INFO 6788 --- [main] c.e.l.Log4j2customApplication            : Started Log4j2customApplication in 14.539 seconds (process running for 17.825)
2024-07-09T03:26:20.575+04:00  INFO 6788 --- [http-nio-9090-exec-2] o.a.c.c.C.[.[localhost].[/custom]        : Initializing Spring DispatcherServlet 'dispatcherServlet'
2024-07-09T03:26:20.576+04:00  INFO 6788 --- [http-nio-9090-exec-2] o.s.web.servlet.DispatcherServlet        : Initializing Servlet 'dispatcherServlet'
2024-07-09T03:26:20.578+04:00  INFO 6788 --- [http-nio-9090-exec-2] o.s.web.servlet.DispatcherServlet        : Completed initialization in 2 ms
2024-07-09T03:27:58.589+04:00  WARN 6788 --- [HikariPool-1 housekeeper] com.zaxxer.hikari.pool.HikariPool        : HikariPool-1 - Thread starvation or clock leap detected (housekeeper delta=1m55s782ms584µs194ns).
2024-07-09T03:29:36.927+04:00  WARN 6788 --- [HikariPool-1 housekeeper] com.zaxxer.hikari.pool.HikariPool        : HikariPool-1 - Thread starvation or clock leap detected (housekeeper delta=1m38s338ms480µs199ns).
2024-07-09T03:31:31.639+04:00  WARN 6788 --- [HikariPool-1 housekeeper] com.zaxxer.hikari.pool.HikariPool        : HikariPool-1 - Thread starvation or clock leap detected (housekeeper delta=1m54s710ms816µs68ns).
2024-07-09T03:32:32.831+04:00  WARN 6788 --- [HikariPool-1 housekeeper] com.zaxxer.hikari.pool.HikariPool        : HikariPool-1 - Thread starvation or clock leap detected (housekeeper delta=1m1s192ms20µs788ns).
2024-07-09T03:35:12.485+04:00  WARN 6788 --- [HikariPool-1 housekeeper] com.zaxxer.hikari.pool.HikariPool        : HikariPool-1 - Thread starvation or clock leap detected (housekeeper delta=2m39s655ms429µs27ns).
2024-07-09T03:38:03.060+04:00  WARN 6788 --- [HikariPool-1 housekeeper] com.zaxxer.hikari.pool.HikariPool        : HikariPool-1 - Thread starvation or clock leap detected (housekeeper delta=2m50s574ms929µs207ns).
2024-07-09T03:39:54.772+04:00  WARN 6788 --- [HikariPool-1 housekeeper] com.zaxxer.hikari.pool.HikariPool        : HikariPool-1 - Thread starvation or clock leap detected (housekeeper delta=1m51s711ms642µs260ns).
2024-07-09T03:41:00.218+04:00  WARN 6788 --- [HikariPool-1 housekeeper] com.zaxxer.hikari.pool.HikariPool        : HikariPool-1 - Thread starvation or clock leap detected (housekeeper delta=1m5s445ms931µs321ns).
2024-07-09T03:42:01.137+04:00  WARN 6788 --- [HikariPool-1 housekeeper] com.zaxxer.hikari.pool.HikariPool        : HikariPool-1 - Thread starvation or clock leap detected (housekeeper delta=1m920ms72µs589ns).
2024-07-09T03:43:10.069+04:00  WARN 6788 --- [HikariPool-1 housekeeper] com.zaxxer.hikari.pool.HikariPool        : HikariPool-1 - Thread starvation or clock leap detected (housekeeper delta=1m8s931ms213µs816ns).
2024-07-09T03:43:10.109+04:00  INFO 6788 --- [http-nio-9090-exec-2] c.e.log4j2custom.service.OrderService    : Order created: Order(id=3, customerName=Ayxan, orderDate=2024-07-09T03:32:32.839283600)
2024-07-09T03:44:08.219+04:00  WARN 6788 --- [HikariPool-1 housekeeper] com.zaxxer.hikari.pool.HikariPool        : HikariPool-1 - Thread starvation or clock leap detected (housekeeper delta=58s149ms174µs974ns).
